<?xml version="1.0" encoding="UTF-8"?>
<!-- Generated by org.testng.reporters.JUnitXMLReporter -->
<testsuite ignored="0" hostname="Rutuja" failures="1" tests="4" name="OpenCart" time="37.988" errors="0" timestamp="2024-11-05T13:07:18 IST">
  <testcase classname="com.qa.opencart.pagetests.LoginPageTest" name="PageTitleTest" time="0.175"/>
  <testcase classname="com.qa.opencart.pagetests.LoginPageTest" name="PageUrlTest" time="0.001"/>
  <testcase classname="com.qa.opencart.pagetests.LoginPageTest" name="LoginTest" time="4.918"/>
  <testcase classname="com.qa.opencart.pagetests.LoginPageTest" name="LoginTest" time="0.003">
    <failure type="com.microsoft.playwright.PlaywrightException" message="Error {
  message=&amp;apos;value: expected string, got undefined
  name=&amp;apos;Error
  stack=&amp;apos;Error: value: expected string, got undefined
    at tString (C:\Users\DELL\AppData\Local\Temp\playwright-java-6404360986846880102\package\lib\protocol\validatorPrimitives.js:58:9)
    at C:\Users\DELL\AppData\Local\Temp\playwright-java-6404360986846880102\package\lib\protocol\validatorPrimitives.js:107:21
    at DispatcherConnection.dispatch (C:\Users\DELL\AppData\Local\Temp\playwright-java-6404360986846880102\package\lib\server\dispatchers\dispatcher.js:281:21)
    at transport.onmessage (C:\Users\DELL\AppData\Local\Temp\playwright-java-6404360986846880102\package\lib\cli\driver.js:52:57)
    at Immediate._onImmediate (C:\Users\DELL\AppData\Local\Temp\playwright-java-6404360986846880102\package\lib\protocol\transport.js:77:34)
    at process.processImmediate (node:internal/timers:483:21)
}">
      <![CDATA[com.microsoft.playwright.PlaywrightException: Error {
  message='value: expected string, got undefined
  name='Error
  stack='Error: value: expected string, got undefined
    at tString (C:\Users\DELL\AppData\Local\Temp\playwright-java-6404360986846880102\package\lib\protocol\validatorPrimitives.js:58:9)
    at C:\Users\DELL\AppData\Local\Temp\playwright-java-6404360986846880102\package\lib\protocol\validatorPrimitives.js:107:21
    at DispatcherConnection.dispatch (C:\Users\DELL\AppData\Local\Temp\playwright-java-6404360986846880102\package\lib\server\dispatchers\dispatcher.js:281:21)
    at transport.onmessage (C:\Users\DELL\AppData\Local\Temp\playwright-java-6404360986846880102\package\lib\cli\driver.js:52:57)
    at Immediate._onImmediate (C:\Users\DELL\AppData\Local\Temp\playwright-java-6404360986846880102\package\lib\protocol\transport.js:77:34)
    at process.processImmediate (node:internal/timers:483:21)
}
at com.microsoft.playwright.impl.WaitableResult.get(WaitableResult.java:56)
at com.microsoft.playwright.impl.ChannelOwner.runUntil(ChannelOwner.java:120)
at com.microsoft.playwright.impl.Connection.sendMessage(Connection.java:130)
at com.microsoft.playwright.impl.ChannelOwner.sendMessage(ChannelOwner.java:106)
at com.microsoft.playwright.impl.FrameImpl.fillImpl(FrameImpl.java:335)
at com.microsoft.playwright.impl.PageImpl.lambda$fill$28(PageImpl.java:761)
at com.microsoft.playwright.impl.LoggingSupport.lambda$withLogging$0(LoggingSupport.java:36)
at com.microsoft.playwright.impl.LoggingSupport.withLogging(LoggingSupport.java:47)
at com.microsoft.playwright.impl.ChannelOwner.withLogging(ChannelOwner.java:89)
at com.microsoft.playwright.impl.LoggingSupport.withLogging(LoggingSupport.java:35)
at com.microsoft.playwright.impl.PageImpl.fill(PageImpl.java:760)
at com.microsoft.playwright.Page.fill(Page.java:4706)
at com.qa.opencart.pages.LoginPage.doLogin(LoginPage.java:32)
at com.qa.opencart.pagetests.LoginPageTest.LoginTest(LoginPageTest.java:47)
at java.base/java.util.ArrayList.forEach(ArrayList.java:1597)
Caused by: com.microsoft.playwright.impl.DriverException: Error {
  message='value: expected string, got undefined
  name='Error
  stack='Error: value: expected string, got undefined
    at tString (C:\Users\DELL\AppData\Local\Temp\playwright-java-6404360986846880102\package\lib\protocol\validatorPrimitives.js:58:9)
    at C:\Users\DELL\AppData\Local\Temp\playwright-java-6404360986846880102\package\lib\protocol\validatorPrimitives.js:107:21
    at DispatcherConnection.dispatch (C:\Users\DELL\AppData\Local\Temp\playwright-java-6404360986846880102\package\lib\server\dispatchers\dispatcher.js:281:21)
    at transport.onmessage (C:\Users\DELL\AppData\Local\Temp\playwright-java-6404360986846880102\package\lib\cli\driver.js:52:57)
    at Immediate._onImmediate (C:\Users\DELL\AppData\Local\Temp\playwright-java-6404360986846880102\package\lib\protocol\transport.js:77:34)
    at process.processImmediate (node:internal/timers:483:21)
}
at com.microsoft.playwright.impl.Connection.dispatch(Connection.java:259)
at com.microsoft.playwright.impl.Connection.processOneMessage(Connection.java:211)
at com.microsoft.playwright.impl.ChannelOwner.runUntil(ChannelOwner.java:118)
... 38 more
... Removed 25 stack frames]]>
    </failure>
  </testcase> <!-- LoginTest -->
</testsuite> <!-- OpenCart -->
